
*** Running vivado
    with args -log top_basys3.vds -m64 -product Vivado -mode batch -messageDb vivado.pb -notrace -source top_basys3.tcl


****** Vivado v2018.2 (64-bit)
  **** SW Build 2258646 on Thu Jun 14 20:03:12 MDT 2018
  **** IP Build 2256618 on Thu Jun 14 22:10:49 MDT 2018
    ** Copyright 1986-2018 Xilinx, Inc. All Rights Reserved.

source top_basys3.tcl -notrace
Command: synth_design -top top_basys3 -part xc7a35tcpg236-1
Starting synth_design
Attempting to get a license for feature 'Synthesis' and/or device 'xc7a35t'
INFO: [Common 17-349] Got license for feature 'Synthesis' and/or device 'xc7a35t'
INFO: Launching helper process for spawning children vivado processes
INFO: Helper process launched with PID 19888 
---------------------------------------------------------------------------------
Starting RTL Elaboration : Time (s): cpu = 00:00:01 ; elapsed = 00:00:02 . Memory (MB): peak = 341.570 ; gain = 99.785
---------------------------------------------------------------------------------
INFO: [Synth 8-638] synthesizing module 'top_basys3' [C:/Users/Brett.Belleville/OneDrive - afacademy.af.edu/Desktop/ECE 281/Projects/Lab 4/ece281-lab4/src/hdl/top_basys3.vhd:92]
	Parameter k_DIV bound to: 25000000 - type: integer 
INFO: [Synth 8-3491] module 'clock_divider' declared at 'C:/Users/Brett.Belleville/OneDrive - afacademy.af.edu/Desktop/ECE 281/Projects/Lab 4/ece281-lab4/src/hdl/clock_divider.vhd:53' bound to instance 'clkdiv_inst' of component 'clock_divider' [C:/Users/Brett.Belleville/OneDrive - afacademy.af.edu/Desktop/ECE 281/Projects/Lab 4/ece281-lab4/src/hdl/top_basys3.vhd:139]
INFO: [Synth 8-638] synthesizing module 'clock_divider' [C:/Users/Brett.Belleville/OneDrive - afacademy.af.edu/Desktop/ECE 281/Projects/Lab 4/ece281-lab4/src/hdl/clock_divider.vhd:63]
	Parameter k_DIV bound to: 25000000 - type: integer 
INFO: [Synth 8-256] done synthesizing module 'clock_divider' (1#1) [C:/Users/Brett.Belleville/OneDrive - afacademy.af.edu/Desktop/ECE 281/Projects/Lab 4/ece281-lab4/src/hdl/clock_divider.vhd:63]
	Parameter k_DIV bound to: 500 - type: integer 
INFO: [Synth 8-3491] module 'clock_divider' declared at 'C:/Users/Brett.Belleville/OneDrive - afacademy.af.edu/Desktop/ECE 281/Projects/Lab 4/ece281-lab4/src/hdl/clock_divider.vhd:53' bound to instance 'TDMclkdiv_inst' of component 'clock_divider' [C:/Users/Brett.Belleville/OneDrive - afacademy.af.edu/Desktop/ECE 281/Projects/Lab 4/ece281-lab4/src/hdl/top_basys3.vhd:147]
INFO: [Synth 8-638] synthesizing module 'clock_divider__parameterized1' [C:/Users/Brett.Belleville/OneDrive - afacademy.af.edu/Desktop/ECE 281/Projects/Lab 4/ece281-lab4/src/hdl/clock_divider.vhd:63]
	Parameter k_DIV bound to: 500 - type: integer 
INFO: [Synth 8-256] done synthesizing module 'clock_divider__parameterized1' (1#1) [C:/Users/Brett.Belleville/OneDrive - afacademy.af.edu/Desktop/ECE 281/Projects/Lab 4/ece281-lab4/src/hdl/clock_divider.vhd:63]
INFO: [Synth 8-3491] module 'elevator_controller_fsm' declared at 'C:/Users/Brett.Belleville/OneDrive - afacademy.af.edu/Desktop/ECE 281/Projects/ICE 5/ece281-ice5/src/hdl/elevator_controller_fsm.vhd:73' bound to instance 'elevator_controll_inst' of component 'elevator_controller_fsm' [C:/Users/Brett.Belleville/OneDrive - afacademy.af.edu/Desktop/ECE 281/Projects/Lab 4/ece281-lab4/src/hdl/top_basys3.vhd:156]
INFO: [Synth 8-638] synthesizing module 'elevator_controller_fsm' [C:/Users/Brett.Belleville/OneDrive - afacademy.af.edu/Desktop/ECE 281/Projects/ICE 5/ece281-ice5/src/hdl/elevator_controller_fsm.vhd:84]
INFO: [Synth 8-226] default block is never used [C:/Users/Brett.Belleville/OneDrive - afacademy.af.edu/Desktop/ECE 281/Projects/ICE 5/ece281-ice5/src/hdl/elevator_controller_fsm.vhd:135]
INFO: [Synth 8-256] done synthesizing module 'elevator_controller_fsm' (2#1) [C:/Users/Brett.Belleville/OneDrive - afacademy.af.edu/Desktop/ECE 281/Projects/ICE 5/ece281-ice5/src/hdl/elevator_controller_fsm.vhd:84]
INFO: [Synth 8-3491] module 'sevenSegDecoder' declared at 'C:/Users/Brett.Belleville/OneDrive - afacademy.af.edu/Desktop/ECE 281/Projects/Lab 2/ece281-lab2/src/hdl/sevenSegDecoder.vhd:34' bound to instance 'sevenseg_inst' of component 'sevenSegDecoder' [C:/Users/Brett.Belleville/OneDrive - afacademy.af.edu/Desktop/ECE 281/Projects/Lab 4/ece281-lab4/src/hdl/top_basys3.vhd:165]
INFO: [Synth 8-638] synthesizing module 'sevenSegDecoder' [C:/Users/Brett.Belleville/OneDrive - afacademy.af.edu/Desktop/ECE 281/Projects/Lab 2/ece281-lab2/src/hdl/sevenSegDecoder.vhd:39]
INFO: [Synth 8-256] done synthesizing module 'sevenSegDecoder' (3#1) [C:/Users/Brett.Belleville/OneDrive - afacademy.af.edu/Desktop/ECE 281/Projects/Lab 2/ece281-lab2/src/hdl/sevenSegDecoder.vhd:39]
	Parameter k_WIDTH bound to: 4 - type: integer 
INFO: [Synth 8-3491] module 'TDM4' declared at 'C:/Users/Brett.Belleville/OneDrive - afacademy.af.edu/Desktop/ECE 281/Projects/Lab 4/ece281-lab4/src/hdl/TDM4.vhd:56' bound to instance 'TDM4_inst' of component 'TDM4' [C:/Users/Brett.Belleville/OneDrive - afacademy.af.edu/Desktop/ECE 281/Projects/Lab 4/ece281-lab4/src/hdl/top_basys3.vhd:171]
INFO: [Synth 8-638] synthesizing module 'TDM4' [C:/Users/Brett.Belleville/OneDrive - afacademy.af.edu/Desktop/ECE 281/Projects/Lab 4/ece281-lab4/src/hdl/TDM4.vhd:69]
	Parameter k_WIDTH bound to: 4 - type: integer 
INFO: [Synth 8-256] done synthesizing module 'TDM4' (4#1) [C:/Users/Brett.Belleville/OneDrive - afacademy.af.edu/Desktop/ECE 281/Projects/Lab 4/ece281-lab4/src/hdl/TDM4.vhd:69]
CRITICAL WARNING: [Synth 8-3352] multi-driven net an[0] with 1st driver pin 'top_basys3:/TDM4_inst/o_sel[0]' [C:/Users/Brett.Belleville/OneDrive - afacademy.af.edu/Desktop/ECE 281/Projects/Lab 4/ece281-lab4/src/hdl/top_basys3.vhd:74]
CRITICAL WARNING: [Synth 8-3352] multi-driven net an[0] with 2nd driver pin 'VCC' [C:/Users/Brett.Belleville/OneDrive - afacademy.af.edu/Desktop/ECE 281/Projects/Lab 4/ece281-lab4/src/hdl/top_basys3.vhd:74]
CRITICAL WARNING: [Synth 8-5559] multi-driven net an[0] is connected to constant driver, other driver is ignored [C:/Users/Brett.Belleville/OneDrive - afacademy.af.edu/Desktop/ECE 281/Projects/Lab 4/ece281-lab4/src/hdl/top_basys3.vhd:74]
CRITICAL WARNING: [Synth 8-3352] multi-driven net an[1] with 1st driver pin 'top_basys3:/TDM4_inst/o_sel[1]' [C:/Users/Brett.Belleville/OneDrive - afacademy.af.edu/Desktop/ECE 281/Projects/Lab 4/ece281-lab4/src/hdl/top_basys3.vhd:74]
CRITICAL WARNING: [Synth 8-3352] multi-driven net an[1] with 2nd driver pin 'VCC' [C:/Users/Brett.Belleville/OneDrive - afacademy.af.edu/Desktop/ECE 281/Projects/Lab 4/ece281-lab4/src/hdl/top_basys3.vhd:74]
CRITICAL WARNING: [Synth 8-5559] multi-driven net an[1] is connected to constant driver, other driver is ignored [C:/Users/Brett.Belleville/OneDrive - afacademy.af.edu/Desktop/ECE 281/Projects/Lab 4/ece281-lab4/src/hdl/top_basys3.vhd:74]
INFO: [Synth 8-256] done synthesizing module 'top_basys3' (5#1) [C:/Users/Brett.Belleville/OneDrive - afacademy.af.edu/Desktop/ECE 281/Projects/Lab 4/ece281-lab4/src/hdl/top_basys3.vhd:92]
WARNING: [Synth 8-3917] design top_basys3 has port led[14] driven by constant 0
WARNING: [Synth 8-3917] design top_basys3 has port led[13] driven by constant 0
WARNING: [Synth 8-3917] design top_basys3 has port led[12] driven by constant 0
WARNING: [Synth 8-3917] design top_basys3 has port led[11] driven by constant 0
WARNING: [Synth 8-3917] design top_basys3 has port led[10] driven by constant 0
WARNING: [Synth 8-3917] design top_basys3 has port led[9] driven by constant 0
WARNING: [Synth 8-3917] design top_basys3 has port led[8] driven by constant 0
WARNING: [Synth 8-3917] design top_basys3 has port led[7] driven by constant 0
WARNING: [Synth 8-3917] design top_basys3 has port led[6] driven by constant 0
WARNING: [Synth 8-3917] design top_basys3 has port led[5] driven by constant 0
WARNING: [Synth 8-3917] design top_basys3 has port led[4] driven by constant 0
WARNING: [Synth 8-3917] design top_basys3 has port led[3] driven by constant 0
WARNING: [Synth 8-3917] design top_basys3 has port led[2] driven by constant 0
WARNING: [Synth 8-3917] design top_basys3 has port led[1] driven by constant 0
WARNING: [Synth 8-3917] design top_basys3 has port led[0] driven by constant 0
WARNING: [Synth 8-3917] design top_basys3 has port an[1] driven by constant 1
WARNING: [Synth 8-3917] design top_basys3 has port an[0] driven by constant 1
WARNING: [Synth 8-3331] design top_basys3 has unconnected port sw[15]
WARNING: [Synth 8-3331] design top_basys3 has unconnected port sw[14]
WARNING: [Synth 8-3331] design top_basys3 has unconnected port sw[13]
WARNING: [Synth 8-3331] design top_basys3 has unconnected port sw[12]
WARNING: [Synth 8-3331] design top_basys3 has unconnected port sw[11]
WARNING: [Synth 8-3331] design top_basys3 has unconnected port sw[10]
WARNING: [Synth 8-3331] design top_basys3 has unconnected port sw[9]
WARNING: [Synth 8-3331] design top_basys3 has unconnected port sw[8]
WARNING: [Synth 8-3331] design top_basys3 has unconnected port sw[7]
WARNING: [Synth 8-3331] design top_basys3 has unconnected port sw[6]
WARNING: [Synth 8-3331] design top_basys3 has unconnected port sw[5]
WARNING: [Synth 8-3331] design top_basys3 has unconnected port sw[4]
WARNING: [Synth 8-3331] design top_basys3 has unconnected port sw[3]
WARNING: [Synth 8-3331] design top_basys3 has unconnected port sw[2]
---------------------------------------------------------------------------------
Finished RTL Elaboration : Time (s): cpu = 00:00:02 ; elapsed = 00:00:03 . Memory (MB): peak = 397.906 ; gain = 156.121
---------------------------------------------------------------------------------

Report Check Netlist: 
+------+------------------+-------+---------+-------+------------------+
|      |Item              |Errors |Warnings |Status |Description       |
+------+------------------+-------+---------+-------+------------------+
|1     |multi_driven_nets |      0|        0|Passed |Multi driven nets |
+------+------------------+-------+---------+-------+------------------+
---------------------------------------------------------------------------------
Start Handling Custom Attributes
---------------------------------------------------------------------------------
---------------------------------------------------------------------------------
Finished Handling Custom Attributes : Time (s): cpu = 00:00:02 ; elapsed = 00:00:03 . Memory (MB): peak = 397.906 ; gain = 156.121
---------------------------------------------------------------------------------
---------------------------------------------------------------------------------
Finished RTL Optimization Phase 1 : Time (s): cpu = 00:00:02 ; elapsed = 00:00:03 . Memory (MB): peak = 397.906 ; gain = 156.121
---------------------------------------------------------------------------------
INFO: [Device 21-403] Loading part xc7a35tcpg236-1
INFO: [Project 1-570] Preparing netlist for logic optimization

Processing XDC Constraints
Initializing timing engine
Parsing XDC File [C:/Users/Brett.Belleville/OneDrive - afacademy.af.edu/Desktop/ECE 281/Projects/Lab 4/ece281-lab4/src/hdl/Basys3_Master.xdc]
Finished Parsing XDC File [C:/Users/Brett.Belleville/OneDrive - afacademy.af.edu/Desktop/ECE 281/Projects/Lab 4/ece281-lab4/src/hdl/Basys3_Master.xdc]
INFO: [Project 1-236] Implementation specific constraints were found while reading constraint file [C:/Users/Brett.Belleville/OneDrive - afacademy.af.edu/Desktop/ECE 281/Projects/Lab 4/ece281-lab4/src/hdl/Basys3_Master.xdc]. These constraints will be ignored for synthesis but will be used in implementation. Impacted constraints are listed in the file [.Xil/top_basys3_propImpl.xdc].
Resolution: To avoid this warning, move constraints listed in [.Xil/top_basys3_propImpl.xdc] to another XDC file and exclude this new file from synthesis with the used_in_synthesis property (File Properties dialog in GUI) and re-run elaboration/synthesis.
Completed Processing XDC Constraints

INFO: [Project 1-111] Unisim Transformation Summary:
No Unisim elements were transformed.

Constraint Validation Runtime : Time (s): cpu = 00:00:00 ; elapsed = 00:00:00.004 . Memory (MB): peak = 725.117 ; gain = 0.000
---------------------------------------------------------------------------------
Finished Constraint Validation : Time (s): cpu = 00:00:06 ; elapsed = 00:00:13 . Memory (MB): peak = 725.117 ; gain = 483.332
---------------------------------------------------------------------------------
---------------------------------------------------------------------------------
Start Loading Part and Timing Information
---------------------------------------------------------------------------------
Loading part: xc7a35tcpg236-1
---------------------------------------------------------------------------------
Finished Loading Part and Timing Information : Time (s): cpu = 00:00:06 ; elapsed = 00:00:13 . Memory (MB): peak = 725.117 ; gain = 483.332
---------------------------------------------------------------------------------
---------------------------------------------------------------------------------
Start Applying 'set_property' XDC Constraints
---------------------------------------------------------------------------------
---------------------------------------------------------------------------------
Finished applying 'set_property' XDC Constraints : Time (s): cpu = 00:00:06 ; elapsed = 00:00:13 . Memory (MB): peak = 725.117 ; gain = 483.332
---------------------------------------------------------------------------------
INFO: [Synth 8-5545] ROM "f_clk" won't be mapped to RAM because address size (31) is larger than maximum supported(25)
INFO: [Synth 8-5545] ROM "f_clk" won't be mapped to RAM because address size (31) is larger than maximum supported(25)
INFO: [Synth 8-5544] ROM "o_floor" won't be mapped to Block RAM because address size (4) smaller than threshold (5)
---------------------------------------------------------------------------------
Finished RTL Optimization Phase 2 : Time (s): cpu = 00:00:06 ; elapsed = 00:00:14 . Memory (MB): peak = 725.117 ; gain = 483.332
---------------------------------------------------------------------------------

Report RTL Partitions: 
+-+--------------+------------+----------+
| |RTL Partition |Replication |Instances |
+-+--------------+------------+----------+
+-+--------------+------------+----------+
---------------------------------------------------------------------------------
Start RTL Component Statistics 
---------------------------------------------------------------------------------
Detailed RTL Component Info : 
+---Adders : 
	   2 Input     31 Bit       Adders := 2     
	   2 Input      2 Bit       Adders := 1     
+---Registers : 
	               31 Bit    Registers := 2     
	                4 Bit    Registers := 1     
	                2 Bit    Registers := 1     
	                1 Bit    Registers := 2     
+---Muxes : 
	   2 Input     31 Bit        Muxes := 2     
	  10 Input      4 Bit        Muxes := 1     
	  32 Input      4 Bit        Muxes := 1     
	   4 Input      4 Bit        Muxes := 2     
	   8 Input      3 Bit        Muxes := 1     
	   2 Input      1 Bit        Muxes := 2     
	   8 Input      1 Bit        Muxes := 1     
---------------------------------------------------------------------------------
Finished RTL Component Statistics 
---------------------------------------------------------------------------------
---------------------------------------------------------------------------------
Start RTL Hierarchical Component Statistics 
---------------------------------------------------------------------------------
Hierarchical RTL Component report 
Module top_basys3 
Detailed RTL Component Info : 
+---Muxes : 
	   8 Input      3 Bit        Muxes := 1     
	   8 Input      1 Bit        Muxes := 1     
Module clock_divider 
Detailed RTL Component Info : 
+---Adders : 
	   2 Input     31 Bit       Adders := 1     
+---Registers : 
	               31 Bit    Registers := 1     
	                1 Bit    Registers := 1     
+---Muxes : 
	   2 Input     31 Bit        Muxes := 1     
	   2 Input      1 Bit        Muxes := 1     
Module clock_divider__parameterized1 
Detailed RTL Component Info : 
+---Adders : 
	   2 Input     31 Bit       Adders := 1     
+---Registers : 
	               31 Bit    Registers := 1     
	                1 Bit    Registers := 1     
+---Muxes : 
	   2 Input     31 Bit        Muxes := 1     
	   2 Input      1 Bit        Muxes := 1     
Module elevator_controller_fsm 
Detailed RTL Component Info : 
+---Registers : 
	                4 Bit    Registers := 1     
+---Muxes : 
	  10 Input      4 Bit        Muxes := 1     
	  32 Input      4 Bit        Muxes := 1     
Module TDM4 
Detailed RTL Component Info : 
+---Adders : 
	   2 Input      2 Bit       Adders := 1     
+---Registers : 
	                2 Bit    Registers := 1     
+---Muxes : 
	   4 Input      4 Bit        Muxes := 2     
---------------------------------------------------------------------------------
Finished RTL Hierarchical Component Statistics
---------------------------------------------------------------------------------
---------------------------------------------------------------------------------
Start Part Resource Summary
---------------------------------------------------------------------------------
Part Resources:
DSPs: 90 (col length:60)
BRAMs: 100 (col length: RAMB18 60 RAMB36 30)
---------------------------------------------------------------------------------
Finished Part Resource Summary
---------------------------------------------------------------------------------
---------------------------------------------------------------------------------
Start Cross Boundary and Area Optimization
---------------------------------------------------------------------------------
Warning: Parallel synthesis criteria is not met 
INFO: [Synth 8-5544] ROM "p_0_out" won't be mapped to Block RAM because address size (4) smaller than threshold (5)
INFO: [Synth 8-5544] ROM "p_0_out" won't be mapped to Block RAM because address size (4) smaller than threshold (5)
INFO: [Synth 8-5545] ROM "clkdiv_inst/f_clk" won't be mapped to RAM because address size (31) is larger than maximum supported(25)
INFO: [Synth 8-5545] ROM "TDMclkdiv_inst/f_clk" won't be mapped to RAM because address size (31) is larger than maximum supported(25)
INFO: [Synth 8-5545] ROM "clkdiv_inst/f_clk" won't be mapped to RAM because address size (31) is larger than maximum supported(25)
INFO: [Synth 8-5545] ROM "TDMclkdiv_inst/f_clk" won't be mapped to RAM because address size (31) is larger than maximum supported(25)
WARNING: [Synth 8-3917] design top_basys3 has port led[14] driven by constant 0
WARNING: [Synth 8-3917] design top_basys3 has port led[13] driven by constant 0
WARNING: [Synth 8-3917] design top_basys3 has port led[12] driven by constant 0
WARNING: [Synth 8-3917] design top_basys3 has port led[11] driven by constant 0
WARNING: [Synth 8-3917] design top_basys3 has port led[10] driven by constant 0
WARNING: [Synth 8-3917] design top_basys3 has port led[9] driven by constant 0
WARNING: [Synth 8-3917] design top_basys3 has port led[8] driven by constant 0
WARNING: [Synth 8-3917] design top_basys3 has port led[7] driven by constant 0
WARNING: [Synth 8-3917] design top_basys3 has port led[6] driven by constant 0
WARNING: [Synth 8-3917] design top_basys3 has port led[5] driven by constant 0
WARNING: [Synth 8-3917] design top_basys3 has port led[4] driven by constant 0
WARNING: [Synth 8-3917] design top_basys3 has port led[3] driven by constant 0
WARNING: [Synth 8-3917] design top_basys3 has port led[2] driven by constant 0
WARNING: [Synth 8-3917] design top_basys3 has port led[1] driven by constant 0
WARNING: [Synth 8-3917] design top_basys3 has port led[0] driven by constant 0
WARNING: [Synth 8-3917] design top_basys3 has port an[1] driven by constant 1
WARNING: [Synth 8-3917] design top_basys3 has port an[0] driven by constant 1
WARNING: [Synth 8-3331] design top_basys3 has unconnected port sw[15]
WARNING: [Synth 8-3331] design top_basys3 has unconnected port sw[14]
WARNING: [Synth 8-3331] design top_basys3 has unconnected port sw[13]
WARNING: [Synth 8-3331] design top_basys3 has unconnected port sw[12]
WARNING: [Synth 8-3331] design top_basys3 has unconnected port sw[11]
WARNING: [Synth 8-3331] design top_basys3 has unconnected port sw[10]
WARNING: [Synth 8-3331] design top_basys3 has unconnected port sw[9]
WARNING: [Synth 8-3331] design top_basys3 has unconnected port sw[8]
WARNING: [Synth 8-3331] design top_basys3 has unconnected port sw[7]
WARNING: [Synth 8-3331] design top_basys3 has unconnected port sw[6]
WARNING: [Synth 8-3331] design top_basys3 has unconnected port sw[5]
WARNING: [Synth 8-3331] design top_basys3 has unconnected port sw[4]
WARNING: [Synth 8-3331] design top_basys3 has unconnected port sw[3]
WARNING: [Synth 8-3331] design top_basys3 has unconnected port sw[2]
CRITICAL WARNING: [Synth 8-3352] multi-driven net p_0_out[0] with 1st driver pin 'TDM4_inst/__0/p_0_out[0]' [C:/Users/Brett.Belleville/OneDrive - afacademy.af.edu/Desktop/ECE 281/Projects/Lab 4/ece281-lab4/src/hdl/TDM4.vhd:99]
CRITICAL WARNING: [Synth 8-3352] multi-driven net p_0_out[0] with 2nd driver pin 'VCC' [C:/Users/Brett.Belleville/OneDrive - afacademy.af.edu/Desktop/ECE 281/Projects/Lab 4/ece281-lab4/src/hdl/TDM4.vhd:99]
CRITICAL WARNING: [Synth 8-5559] multi-driven net p_0_out[0] is connected to constant driver, other driver is ignored [C:/Users/Brett.Belleville/OneDrive - afacademy.af.edu/Desktop/ECE 281/Projects/Lab 4/ece281-lab4/src/hdl/TDM4.vhd:99]
CRITICAL WARNING: [Synth 8-3352] multi-driven net p_0_out[1] with 1st driver pin 'TDM4_inst/__0/p_0_out[1]' [C:/Users/Brett.Belleville/OneDrive - afacademy.af.edu/Desktop/ECE 281/Projects/Lab 4/ece281-lab4/src/hdl/TDM4.vhd:99]
CRITICAL WARNING: [Synth 8-3352] multi-driven net p_0_out[1] with 2nd driver pin 'VCC' [C:/Users/Brett.Belleville/OneDrive - afacademy.af.edu/Desktop/ECE 281/Projects/Lab 4/ece281-lab4/src/hdl/TDM4.vhd:99]
CRITICAL WARNING: [Synth 8-5559] multi-driven net p_0_out[1] is connected to constant driver, other driver is ignored [C:/Users/Brett.Belleville/OneDrive - afacademy.af.edu/Desktop/ECE 281/Projects/Lab 4/ece281-lab4/src/hdl/TDM4.vhd:99]
---------------------------------------------------------------------------------
Finished Cross Boundary and Area Optimization : Time (s): cpu = 00:00:07 ; elapsed = 00:00:16 . Memory (MB): peak = 725.117 ; gain = 483.332
---------------------------------------------------------------------------------

Report RTL Partitions: 
+-+--------------+------------+----------+
| |RTL Partition |Replication |Instances |
+-+--------------+------------+----------+
+-+--------------+------------+----------+
---------------------------------------------------------------------------------
Start Applying XDC Timing Constraints
---------------------------------------------------------------------------------
---------------------------------------------------------------------------------
Finished Applying XDC Timing Constraints : Time (s): cpu = 00:00:11 ; elapsed = 00:00:23 . Memory (MB): peak = 725.117 ; gain = 483.332
---------------------------------------------------------------------------------
---------------------------------------------------------------------------------
Start Timing Optimization
---------------------------------------------------------------------------------
---------------------------------------------------------------------------------
Finished Timing Optimization : Time (s): cpu = 00:00:11 ; elapsed = 00:00:23 . Memory (MB): peak = 743.527 ; gain = 501.742
---------------------------------------------------------------------------------

Report RTL Partitions: 
+-+--------------+------------+----------+
| |RTL Partition |Replication |Instances |
+-+--------------+------------+----------+
+-+--------------+------------+----------+
---------------------------------------------------------------------------------
Start Technology Mapping
---------------------------------------------------------------------------------
---------------------------------------------------------------------------------
Finished Technology Mapping : Time (s): cpu = 00:00:11 ; elapsed = 00:00:23 . Memory (MB): peak = 743.527 ; gain = 501.742
---------------------------------------------------------------------------------

Report RTL Partitions: 
+-+--------------+------------+----------+
| |RTL Partition |Replication |Instances |
+-+--------------+------------+----------+
+-+--------------+------------+----------+
---------------------------------------------------------------------------------
Start IO Insertion
---------------------------------------------------------------------------------
---------------------------------------------------------------------------------
Start Flattening Before IO Insertion
---------------------------------------------------------------------------------
---------------------------------------------------------------------------------
Finished Flattening Before IO Insertion
---------------------------------------------------------------------------------
---------------------------------------------------------------------------------
Start Final Netlist Cleanup
---------------------------------------------------------------------------------
---------------------------------------------------------------------------------
Finished Final Netlist Cleanup
---------------------------------------------------------------------------------
---------------------------------------------------------------------------------
Finished IO Insertion : Time (s): cpu = 00:00:11 ; elapsed = 00:00:24 . Memory (MB): peak = 743.527 ; gain = 501.742
---------------------------------------------------------------------------------

Report Check Netlist: 
+------+------------------+-------+---------+-------+------------------+
|      |Item              |Errors |Warnings |Status |Description       |
+------+------------------+-------+---------+-------+------------------+
|1     |multi_driven_nets |      0|        0|Passed |Multi driven nets |
+------+------------------+-------+---------+-------+------------------+
---------------------------------------------------------------------------------
Start Renaming Generated Instances
---------------------------------------------------------------------------------
---------------------------------------------------------------------------------
Finished Renaming Generated Instances : Time (s): cpu = 00:00:11 ; elapsed = 00:00:24 . Memory (MB): peak = 743.527 ; gain = 501.742
---------------------------------------------------------------------------------

Report RTL Partitions: 
+-+--------------+------------+----------+
| |RTL Partition |Replication |Instances |
+-+--------------+------------+----------+
+-+--------------+------------+----------+
---------------------------------------------------------------------------------
Start Rebuilding User Hierarchy
---------------------------------------------------------------------------------
---------------------------------------------------------------------------------
Finished Rebuilding User Hierarchy : Time (s): cpu = 00:00:11 ; elapsed = 00:00:24 . Memory (MB): peak = 743.527 ; gain = 501.742
---------------------------------------------------------------------------------
---------------------------------------------------------------------------------
Start Renaming Generated Ports
---------------------------------------------------------------------------------
---------------------------------------------------------------------------------
Finished Renaming Generated Ports : Time (s): cpu = 00:00:11 ; elapsed = 00:00:24 . Memory (MB): peak = 743.527 ; gain = 501.742
---------------------------------------------------------------------------------
---------------------------------------------------------------------------------
Start Handling Custom Attributes
---------------------------------------------------------------------------------
---------------------------------------------------------------------------------
Finished Handling Custom Attributes : Time (s): cpu = 00:00:11 ; elapsed = 00:00:24 . Memory (MB): peak = 743.527 ; gain = 501.742
---------------------------------------------------------------------------------
---------------------------------------------------------------------------------
Start Renaming Generated Nets
---------------------------------------------------------------------------------
---------------------------------------------------------------------------------
Finished Renaming Generated Nets : Time (s): cpu = 00:00:11 ; elapsed = 00:00:24 . Memory (MB): peak = 743.527 ; gain = 501.742
---------------------------------------------------------------------------------
---------------------------------------------------------------------------------
Start Writing Synthesis Report
---------------------------------------------------------------------------------

Report BlackBoxes: 
+-+--------------+----------+
| |BlackBox name |Instances |
+-+--------------+----------+
+-+--------------+----------+

Report Cell Usage: 
+------+-------+------+
|      |Cell   |Count |
+------+-------+------+
|1     |BUFG   |     1|
|2     |CARRY4 |    16|
|3     |LUT1   |     3|
|4     |LUT2   |     4|
|5     |LUT4   |    73|
|6     |LUT5   |     8|
|7     |LUT6   |    15|
|8     |FDCE   |    66|
|9     |FDRE   |     4|
|10    |IBUF   |     6|
|11    |OBUF   |    27|
+------+-------+------+

Report Instance Areas: 
+------+-------------------------+------------------------------+------+
|      |Instance                 |Module                        |Cells |
+------+-------------------------+------------------------------+------+
|1     |top                      |                              |   223|
|2     |  TDM4_inst              |TDM4                          |     6|
|3     |  TDMclkdiv_inst         |clock_divider__parameterized1 |    81|
|4     |  clkdiv_inst            |clock_divider                 |    80|
|5     |  elevator_controll_inst |elevator_controller_fsm       |    22|
+------+-------------------------+------------------------------+------+
---------------------------------------------------------------------------------
Finished Writing Synthesis Report : Time (s): cpu = 00:00:11 ; elapsed = 00:00:24 . Memory (MB): peak = 743.527 ; gain = 501.742
---------------------------------------------------------------------------------
Synthesis finished with 0 errors, 6 critical warnings and 31 warnings.
Synthesis Optimization Runtime : Time (s): cpu = 00:00:07 ; elapsed = 00:00:17 . Memory (MB): peak = 743.527 ; gain = 174.531
Synthesis Optimization Complete : Time (s): cpu = 00:00:11 ; elapsed = 00:00:24 . Memory (MB): peak = 743.527 ; gain = 501.742
INFO: [Project 1-571] Translating synthesized netlist
INFO: [Netlist 29-17] Analyzing 22 Unisim elements for replacement
INFO: [Netlist 29-28] Unisim Transformation completed in 0 CPU seconds
INFO: [Project 1-570] Preparing netlist for logic optimization
INFO: [Opt 31-138] Pushed 0 inverter(s) to 0 load pin(s).
INFO: [Project 1-111] Unisim Transformation Summary:
No Unisim elements were transformed.

INFO: [Common 17-83] Releasing license: Synthesis
39 Infos, 62 Warnings, 12 Critical Warnings and 0 Errors encountered.
synth_design completed successfully
synth_design: Time (s): cpu = 00:00:12 ; elapsed = 00:00:26 . Memory (MB): peak = 743.527 ; gain = 514.293
WARNING: [Constraints 18-5210] No constraint will be written out.
INFO: [Common 17-1381] The checkpoint 'C:/Users/Brett.Belleville/OneDrive - afacademy.af.edu/Desktop/ECE 281/Projects/Lab 4/ece281-lab4/elevator_fsm.runs/synth_1/top_basys3.dcp' has been generated.
INFO: [runtcl-4] Executing : report_utilization -file top_basys3_utilization_synth.rpt -pb top_basys3_utilization_synth.pb
report_utilization: Time (s): cpu = 00:00:00 ; elapsed = 00:00:00.026 . Memory (MB): peak = 743.527 ; gain = 0.000
INFO: [Common 17-206] Exiting Vivado at Sun Apr 14 20:46:33 2024...
